<?xml version="1.0" encoding="UTF-8"?>
<!-- Generated by org.testng.reporters.JUnitXMLReporter -->
<testsuite ignored="0" hostname="DESKTOP-MGPVI9T" failures="1" tests="2" name="PetStoreTest" time="9.532" errors="0" timestamp="2023-11-27T13:51:05 IST">
  <testcase classname="Test.Pojo_CreateStoresTestScenarios" name="createPetOrderAndVerifyData2" time="6.66">
    <failure type="java.lang.AssertionError" message="The following asserts failed:
	Check: View Assertion Details">
      <![CDATA[java.lang.AssertionError: The following asserts failed:
Check: View Assertion Details
at RestAssured_Utility.AssertionUtiles.assertExceptedValuseWithJsonPath(AssertionUtiles.java:76)
at Test.Pojo_CreateStoresTestScenarios.createPetOrderAndVerifyData2(Pojo_CreateStoresTestScenarios.java:97)
at java.base/java.util.ArrayList.forEach(ArrayList.java:1596)
... Removed 27 stack frames]]>
    </failure>
  </testcase> <!-- createPetOrderAndVerifyData2 -->
  <testcase classname="Test.Pojo_CreateStoresTestScenarios" name="createPetOrderAndVerifyData2" time="1.184"/>
</testsuite> <!-- PetStoreTest -->
